--------------------------------------------------------------------------------
Release 14.4 Trace  (nt)
Copyright (c) 1995-2012 Xilinx, Inc.  All rights reserved.

C:\Xilinx\14.4\ISE_DS\ISE\bin\nt\unwrapped\trce.exe -intstyle ise -v 3 -s 2 -n
3 -fastpaths -xml displ_7seg.twx displ_7seg.ncd -o displ_7seg.twr
displ_7seg.pcf -ucf displ_7seg.ucf

Design file:              displ_7seg.ncd
Physical constraint file: displ_7seg.pcf
Device,package,speed:     xc6slx16,csg324,C,-2 (PRODUCTION 1.23 2012-12-04)
Report level:             verbose report

Environment Variable      Effect 
--------------------      ------ 
NONE                      No environment variables were set
--------------------------------------------------------------------------------

INFO:Timing:2698 - No timing constraints found, doing default enumeration.
INFO:Timing:3412 - To improve timing, see the Timing Closure User Guide (UG612).
INFO:Timing:2752 - To get complete path coverage, use the unconstrained paths 
   option. All paths that are not constrained will be reported in the 
   unconstrained paths section(s) of the report.
INFO:Timing:3339 - The clock-to-out numbers in this timing report are based on 
   a 50 Ohm transmission line loading model.  For the details of this model, 
   and for more information on accounting for different loading conditions, 
   please see the device datasheet.



Data Sheet report:
-----------------
All values displayed in nanoseconds (ns)

Setup/Hold to clock clk
------------+------------+------------+------------+------------+------------------+--------+
            |Max Setup to|  Process   |Max Hold to |  Process   |                  | Clock  |
Source      | clk (edge) |   Corner   | clk (edge) |   Corner   |Internal Clock(s) | Phase  |
------------+------------+------------+------------+------------+------------------+--------+
rst         |    5.777(R)|      SLOW  |   -2.791(R)|      FAST  |clk_BUFGP         |   0.000|
------------+------------+------------+------------+------------+------------------+--------+

Clock clk to Pad
------------+-----------------+------------+-----------------+------------+------------------+--------+
            |Max (slowest) clk|  Process   |Min (fastest) clk|  Process   |                  | Clock  |
Destination |  (edge) to PAD  |   Corner   |  (edge) to PAD  |   Corner   |Internal Clock(s) | Phase  |
------------+-----------------+------------+-----------------+------------+------------------+--------+
an<0>       |        10.934(R)|      SLOW  |         4.953(R)|      FAST  |clk_BUFGP         |   0.000|
an<1>       |        10.880(R)|      SLOW  |         4.924(R)|      FAST  |clk_BUFGP         |   0.000|
an<2>       |        10.559(R)|      SLOW  |         4.763(R)|      FAST  |clk_BUFGP         |   0.000|
an<3>       |        10.481(R)|      SLOW  |         4.718(R)|      FAST  |clk_BUFGP         |   0.000|
sseg<0>     |        13.435(R)|      SLOW  |         6.068(R)|      FAST  |clk_BUFGP         |   0.000|
sseg<1>     |        12.801(R)|      SLOW  |         5.758(R)|      FAST  |clk_BUFGP         |   0.000|
sseg<2>     |        13.537(R)|      SLOW  |         5.894(R)|      FAST  |clk_BUFGP         |   0.000|
sseg<3>     |        13.194(R)|      SLOW  |         5.954(R)|      FAST  |clk_BUFGP         |   0.000|
sseg<4>     |        13.251(R)|      SLOW  |         5.772(R)|      FAST  |clk_BUFGP         |   0.000|
sseg<5>     |        13.597(R)|      SLOW  |         5.927(R)|      FAST  |clk_BUFGP         |   0.000|
sseg<6>     |        13.395(R)|      SLOW  |         5.861(R)|      FAST  |clk_BUFGP         |   0.000|
------------+-----------------+------------+-----------------+------------+------------------+--------+

Clock to Setup on destination clock clk
---------------+---------+---------+---------+---------+
               | Src:Rise| Src:Fall| Src:Rise| Src:Fall|
Source Clock   |Dest:Rise|Dest:Rise|Dest:Fall|Dest:Fall|
---------------+---------+---------+---------+---------+
clk            |    1.820|         |         |         |
---------------+---------+---------+---------+---------+

Pad to Pad
---------------+---------------+---------+
Source Pad     |Destination Pad|  Delay  |
---------------+---------------+---------+
data<0>        |sseg<0>        |   11.315|
data<0>        |sseg<1>        |   10.756|
data<0>        |sseg<2>        |   10.918|
data<0>        |sseg<3>        |   11.074|
data<0>        |sseg<4>        |   10.732|
data<0>        |sseg<5>        |   10.978|
data<0>        |sseg<6>        |   10.876|
data<1>        |sseg<0>        |   11.294|
data<1>        |sseg<1>        |   10.660|
data<1>        |sseg<2>        |   11.396|
data<1>        |sseg<3>        |   11.053|
data<1>        |sseg<4>        |   11.110|
data<1>        |sseg<5>        |   11.456|
data<1>        |sseg<6>        |   11.254|
data<2>        |sseg<0>        |   11.632|
data<2>        |sseg<1>        |   11.109|
data<2>        |sseg<2>        |   11.346|
data<2>        |sseg<3>        |   11.391|
data<2>        |sseg<4>        |   11.116|
data<2>        |sseg<5>        |   11.406|
data<2>        |sseg<6>        |   11.260|
data<3>        |sseg<0>        |   11.244|
data<3>        |sseg<1>        |   10.643|
data<3>        |sseg<2>        |   11.230|
data<3>        |sseg<3>        |   11.003|
data<3>        |sseg<4>        |   11.061|
data<3>        |sseg<5>        |   11.290|
data<3>        |sseg<6>        |   11.205|
data<4>        |sseg<0>        |   11.892|
data<4>        |sseg<1>        |   11.333|
data<4>        |sseg<2>        |   11.495|
data<4>        |sseg<3>        |   11.651|
data<4>        |sseg<4>        |   11.309|
data<4>        |sseg<5>        |   11.555|
data<4>        |sseg<6>        |   11.453|
data<5>        |sseg<0>        |   11.603|
data<5>        |sseg<1>        |   10.969|
data<5>        |sseg<2>        |   11.705|
data<5>        |sseg<3>        |   11.362|
data<5>        |sseg<4>        |   11.419|
data<5>        |sseg<5>        |   11.765|
data<5>        |sseg<6>        |   11.563|
data<6>        |sseg<0>        |   11.480|
data<6>        |sseg<1>        |   10.957|
data<6>        |sseg<2>        |   11.194|
data<6>        |sseg<3>        |   11.239|
data<6>        |sseg<4>        |   10.964|
data<6>        |sseg<5>        |   11.254|
data<6>        |sseg<6>        |   11.108|
data<7>        |sseg<0>        |   12.417|
data<7>        |sseg<1>        |   11.816|
data<7>        |sseg<2>        |   12.403|
data<7>        |sseg<3>        |   12.176|
data<7>        |sseg<4>        |   12.234|
data<7>        |sseg<5>        |   12.463|
data<7>        |sseg<6>        |   12.378|
data<8>        |sseg<0>        |   11.488|
data<8>        |sseg<1>        |   10.929|
data<8>        |sseg<2>        |   11.091|
data<8>        |sseg<3>        |   11.247|
data<8>        |sseg<4>        |   10.905|
data<8>        |sseg<5>        |   11.151|
data<8>        |sseg<6>        |   11.049|
data<9>        |sseg<0>        |   11.616|
data<9>        |sseg<1>        |   10.982|
data<9>        |sseg<2>        |   11.718|
data<9>        |sseg<3>        |   11.375|
data<9>        |sseg<4>        |   11.432|
data<9>        |sseg<5>        |   11.778|
data<9>        |sseg<6>        |   11.576|
data<10>       |sseg<0>        |   11.115|
data<10>       |sseg<1>        |   10.592|
data<10>       |sseg<2>        |   10.829|
data<10>       |sseg<3>        |   10.874|
data<10>       |sseg<4>        |   10.599|
data<10>       |sseg<5>        |   10.889|
data<10>       |sseg<6>        |   10.743|
data<11>       |sseg<0>        |   10.909|
data<11>       |sseg<1>        |   10.308|
data<11>       |sseg<2>        |   10.895|
data<11>       |sseg<3>        |   10.668|
data<11>       |sseg<4>        |   10.726|
data<11>       |sseg<5>        |   10.955|
data<11>       |sseg<6>        |   10.870|
data<12>       |sseg<0>        |   11.472|
data<12>       |sseg<1>        |   10.913|
data<12>       |sseg<2>        |   11.075|
data<12>       |sseg<3>        |   11.231|
data<12>       |sseg<4>        |   10.889|
data<12>       |sseg<5>        |   11.135|
data<12>       |sseg<6>        |   11.033|
data<13>       |sseg<0>        |   11.358|
data<13>       |sseg<1>        |   10.724|
data<13>       |sseg<2>        |   11.460|
data<13>       |sseg<3>        |   11.117|
data<13>       |sseg<4>        |   11.174|
data<13>       |sseg<5>        |   11.520|
data<13>       |sseg<6>        |   11.318|
data<14>       |sseg<0>        |   11.196|
data<14>       |sseg<1>        |   10.673|
data<14>       |sseg<2>        |   10.910|
data<14>       |sseg<3>        |   10.955|
data<14>       |sseg<4>        |   10.680|
data<14>       |sseg<5>        |   10.970|
data<14>       |sseg<6>        |   10.824|
data<15>       |sseg<0>        |   10.978|
data<15>       |sseg<1>        |   10.377|
data<15>       |sseg<2>        |   10.964|
data<15>       |sseg<3>        |   10.737|
data<15>       |sseg<4>        |   10.795|
data<15>       |sseg<5>        |   11.024|
data<15>       |sseg<6>        |   10.939|
---------------+---------------+---------+


Analysis completed Mon Mar 27 09:12:38 2017 
--------------------------------------------------------------------------------

Trace Settings:
-------------------------
Trace Settings 

Peak Memory Usage: 149 MB



