--------------------------------------------------------------------------------
Release 14.4 Trace  (nt)
Copyright (c) 1995-2012 Xilinx, Inc.  All rights reserved.

C:\Xilinx\14.4\ISE_DS\ISE\bin\nt\unwrapped\trce.exe -intstyle ise -v 3 -s 2 -n
3 -fastpaths -xml carry_save_adder.twx carry_save_adder.ncd -o
carry_save_adder.twr carry_save_adder.pcf

Design file:              carry_save_adder.ncd
Physical constraint file: carry_save_adder.pcf
Device,package,speed:     xc6slx16,csg324,C,-2 (PRODUCTION 1.23 2012-12-04)
Report level:             verbose report

Environment Variable      Effect 
--------------------      ------ 
NONE                      No environment variables were set
--------------------------------------------------------------------------------

INFO:Timing:2698 - No timing constraints found, doing default enumeration.
INFO:Timing:3412 - To improve timing, see the Timing Closure User Guide (UG612).
INFO:Timing:2752 - To get complete path coverage, use the unconstrained paths 
   option. All paths that are not constrained will be reported in the 
   unconstrained paths section(s) of the report.
INFO:Timing:3339 - The clock-to-out numbers in this timing report are based on 
   a 50 Ohm transmission line loading model.  For the details of this model, 
   and for more information on accounting for different loading conditions, 
   please see the device datasheet.



Data Sheet report:
-----------------
All values displayed in nanoseconds (ns)

Pad to Pad
---------------+---------------+---------+
Source Pad     |Destination Pad|  Delay  |
---------------+---------------+---------+
x<0>           |cout           |   10.351|
x<0>           |suma<0>        |    8.994|
x<0>           |suma<1>        |    8.875|
x<0>           |suma<2>        |    9.867|
x<0>           |suma<3>        |   10.449|
x<0>           |suma<4>        |   10.438|
x<1>           |cout           |    9.384|
x<1>           |suma<1>        |    8.820|
x<1>           |suma<2>        |    8.900|
x<1>           |suma<3>        |    9.482|
x<1>           |suma<4>        |    9.471|
x<2>           |cout           |    9.920|
x<2>           |suma<2>        |    9.436|
x<2>           |suma<3>        |   10.018|
x<2>           |suma<4>        |   10.007|
x<3>           |cout           |   10.000|
x<3>           |suma<3>        |    9.857|
x<3>           |suma<4>        |    9.329|
y<0>           |cout           |    9.892|
y<0>           |suma<0>        |    8.535|
y<0>           |suma<1>        |    8.469|
y<0>           |suma<2>        |    9.408|
y<0>           |suma<3>        |    9.990|
y<0>           |suma<4>        |    9.979|
y<1>           |cout           |    9.375|
y<1>           |suma<1>        |    8.225|
y<1>           |suma<2>        |    8.891|
y<1>           |suma<3>        |    9.473|
y<1>           |suma<4>        |    9.462|
y<2>           |cout           |    9.928|
y<2>           |suma<2>        |    9.444|
y<2>           |suma<3>        |   10.026|
y<2>           |suma<4>        |   10.015|
y<3>           |cout           |    9.721|
y<3>           |suma<3>        |    9.578|
y<3>           |suma<4>        |    9.050|
z<0>           |cout           |   10.279|
z<0>           |suma<0>        |    8.922|
z<0>           |suma<1>        |    8.804|
z<0>           |suma<2>        |    9.795|
z<0>           |suma<3>        |   10.377|
z<0>           |suma<4>        |   10.366|
z<1>           |cout           |    9.422|
z<1>           |suma<1>        |    8.638|
z<1>           |suma<2>        |    8.938|
z<1>           |suma<3>        |    9.520|
z<1>           |suma<4>        |    9.509|
z<2>           |cout           |    9.551|
z<2>           |suma<2>        |    9.067|
z<2>           |suma<3>        |    9.649|
z<2>           |suma<4>        |    9.638|
z<3>           |cout           |    9.928|
z<3>           |suma<3>        |    9.785|
z<3>           |suma<4>        |    9.257|
---------------+---------------+---------+


Analysis completed Mon Mar 20 11:47:17 2017 
--------------------------------------------------------------------------------

Trace Settings:
-------------------------
Trace Settings 

Peak Memory Usage: 149 MB



