
****** PlanAhead v14.4
  **** Build 222254 by xbuild on Tue Dec 18 05:23:01 MST 2012
    ** Copyright 1986-1999, 2001-2012 Xilinx, Inc. All Rights Reserved.

INFO: [Common 17-78] Attempting to get a license: PlanAhead
INFO: [Common 17-290] Got license for PlanAhead
INFO: [Common 17-86] Your PlanAhead license expires in -1119 day(s)
INFO: [Device 21-36] Loading parts and site information from C:/Xilinx/14.4/ISE_DS/PlanAhead/data/parts/arch.xml
Parsing RTL primitives file [C:/Xilinx/14.4/ISE_DS/PlanAhead/data/parts/xilinx/rtl/prims/rtl_prims.xml]
Finished parsing RTL primitives file [C:/Xilinx/14.4/ISE_DS/PlanAhead/data/parts/xilinx/rtl/prims/rtl_prims.xml]
start_gui
source C:/Users/student/Documents/30431/MariaB/LAB7/MIPS/pa.fromNetlist.tcl
# create_project -name MIPS -dir "C:/Users/student/Documents/30431/MariaB/LAB7/MIPS/planAhead_run_2" -part xc6slx16csg324-2
# set_property design_mode GateLvl [get_property srcset [current_run -impl]]
# set_property edif_top_file "C:/Users/student/Documents/30431/MariaB/LAB7/MIPS/MIPS.ngc" [ get_property srcset [ current_run ] ]
# add_files -norecurse { {C:/Users/student/Documents/30431/MariaB/LAB7/MIPS} }
# set_property target_constrs_file "MIPS.ucf" [current_fileset -constrset]
Adding file 'C:/Users/student/Documents/30431/MariaB/LAB7/MIPS/MIPS.ucf' to fileset 'constrs_1'
# add_files [list {MIPS.ucf}] -fileset [get_property constrset [current_run]]
# link_design
Design is defaulting to srcset: sources_1
Design is defaulting to constrset: constrs_1
Design is defaulting to project part: xc6slx16csg324-2
Release 14.4 - ngc2edif P.49d (nt)
Copyright (c) 1995-2012 Xilinx, Inc.  All rights reserved.

Release 14.4 - ngc2edif P.49d (nt)
Copyright (c) 1995-2012 Xilinx, Inc.  All rights reserved.
Reading design MIPS.ngc ...
WARNING:NetListWriters:298 - No output is written to MIPS.xncf, ignored.
Processing design ...
   Preping design's networks ...
   Preping design's macros ...
  finished :Prep
Writing EDIF netlist file MIPS.edif ...
ngc2edif: Total memory usage is 57664 kilobytes

Parsing EDIF File [./planAhead_run_2/MIPS.data/cache/MIPS_ngc_zx.edif]
Finished Parsing EDIF File [./planAhead_run_2/MIPS.data/cache/MIPS_ngc_zx.edif]

    while executing
"link_design"
    (file "C:/Users/student/Documents/30431/MariaB/LAB7/MIPS/pa.fromNetlist.tcl" line 10)
exit
ERROR: [Common 17-39] 'stop_gui' failed due to earlier errors.
INFO: [Common 17-206] Exiting PlanAhead at Mon Apr 24 08:48:04 2017...
INFO: [Common 17-83] Releasing license: PlanAhead
