c:\student\30433\rb&as\lab2\lab2\debug\lab2.pch
c:\student\30433\rb&as\lab2\lab2\debug\stdafx.obj
c:\student\30433\rb&as\lab2\lab2\debug\vc110.pdb
c:\student\30433\rb&as\lab2\lab2\debug\lab2.obj
c:\student\30433\rb&as\lab2\debug\lab2.ilk
c:\student\30433\rb&as\lab2\debug\lab2.exe
c:\student\30433\rb&as\lab2\debug\lab2.pdb
c:\users\dianalacramioara\desktop\scs\30433\rb&as\lab2\lab2\debug\lab2.obj
c:\users\dianalacramioara\desktop\scs\30433\rb&as\lab2\lab2\debug\stdafx.obj
c:\users\dianalacramioara\desktop\scs\30433\rb&as\lab2\lab2\debug\cl.command.1.tlog
c:\users\dianalacramioara\desktop\scs\30433\rb&as\lab2\lab2\debug\cl.read.1.tlog
c:\users\dianalacramioara\desktop\scs\30433\rb&as\lab2\lab2\debug\cl.write.1.tlog
c:\users\dianalacramioara\desktop\scs\30433\rb&as\lab2\lab2\debug\link-cvtres.read.1.tlog
c:\users\dianalacramioara\desktop\scs\30433\rb&as\lab2\lab2\debug\link-cvtres.write.1.tlog
c:\users\dianalacramioara\desktop\scs\30433\rb&as\lab2\lab2\debug\link-rc.read.1.tlog
c:\users\dianalacramioara\desktop\scs\30433\rb&as\lab2\lab2\debug\link-rc.write.1.tlog
c:\users\dianalacramioara\desktop\scs\30433\rb&as\lab2\lab2\debug\link.2540-cvtres.read.1.tlog
c:\users\dianalacramioara\desktop\scs\30433\rb&as\lab2\lab2\debug\link.2540-cvtres.write.1.tlog
c:\users\dianalacramioara\desktop\scs\30433\rb&as\lab2\lab2\debug\link.2540-rc.read.1.tlog
c:\users\dianalacramioara\desktop\scs\30433\rb&as\lab2\lab2\debug\link.2540-rc.write.1.tlog
c:\users\dianalacramioara\desktop\scs\30433\rb&as\lab2\lab2\debug\link.2540.read.1.tlog
c:\users\dianalacramioara\desktop\scs\30433\rb&as\lab2\lab2\debug\link.2540.write.1.tlog
c:\users\dianalacramioara\desktop\scs\30433\rb&as\lab2\lab2\debug\link.3624-cvtres.read.1.tlog
c:\users\dianalacramioara\desktop\scs\30433\rb&as\lab2\lab2\debug\link.3624-cvtres.write.1.tlog
c:\users\dianalacramioara\desktop\scs\30433\rb&as\lab2\lab2\debug\link.3624-rc.read.1.tlog
c:\users\dianalacramioara\desktop\scs\30433\rb&as\lab2\lab2\debug\link.3624-rc.write.1.tlog
c:\users\dianalacramioara\desktop\scs\30433\rb&as\lab2\lab2\debug\link.3624.read.1.tlog
c:\users\dianalacramioara\desktop\scs\30433\rb&as\lab2\lab2\debug\link.3624.write.1.tlog
c:\users\dianalacramioara\desktop\scs\30433\rb&as\lab2\lab2\debug\link.4540-cvtres.read.1.tlog
c:\users\dianalacramioara\desktop\scs\30433\rb&as\lab2\lab2\debug\link.4540-cvtres.write.1.tlog
c:\users\dianalacramioara\desktop\scs\30433\rb&as\lab2\lab2\debug\link.4540-rc.read.1.tlog
c:\users\dianalacramioara\desktop\scs\30433\rb&as\lab2\lab2\debug\link.4540-rc.write.1.tlog
c:\users\dianalacramioara\desktop\scs\30433\rb&as\lab2\lab2\debug\link.4540.read.1.tlog
c:\users\dianalacramioara\desktop\scs\30433\rb&as\lab2\lab2\debug\link.4540.write.1.tlog
c:\users\dianalacramioara\desktop\scs\30433\rb&as\lab2\lab2\debug\link.command.1.tlog
c:\users\dianalacramioara\desktop\scs\30433\rb&as\lab2\lab2\debug\link.read.1.tlog
c:\users\dianalacramioara\desktop\scs\30433\rb&as\lab2\lab2\debug\link.write.1.tlog
c:\users\dianalacramioara\desktop\scs\30433\rb&as\lab2\lab2\debug\lab2.pch
c:\users\dianalacramioara\desktop\scs\30433\rb&as\lab2\lab2\debug\vc110.idb
c:\users\dianalacramioara\desktop\scs\30433\rb&as\lab2\lab2\debug\vc110.pdb
c:\users\dianalacramioara\desktop\scs\30433\rb&as\lab2\debug\lab2.pdb
c:\users\dianalacramioara\desktop\scs\30433\rb&as\lab2\debug\lab2.exe
c:\users\dianalacramioara\desktop\scs\30433\rb&as\lab2\debug\lab2.ilk
