#-----------------------------------------------------------
# PlanAhead v14.4
# Build 222254 by xbuild on Tue Dec 18 05:23:01 MST 2012
# Start of session at: Mon Apr 03 10:05:49 2017
# Process ID: 4320
# Log file: C:/Users/student/Documents/30431/MariaB/Lab6/Add_PICO/planAhead_run_1/planAhead.log
# Journal file: C:/Users/student/Documents/30431/MariaB/Lab6/Add_PICO/planAhead_run_1/planAhead.jou
#-----------------------------------------------------------
INFO: [Common 17-78] Attempting to get a license: PlanAhead
INFO: [Common 17-290] Got license for PlanAhead
INFO: [Common 17-86] Your PlanAhead license expires in -1098 day(s)
INFO: [Device 21-36] Loading parts and site information from C:/Xilinx/14.4/ISE_DS/PlanAhead/data/parts/arch.xml
Parsing RTL primitives file [C:/Xilinx/14.4/ISE_DS/PlanAhead/data/parts/xilinx/rtl/prims/rtl_prims.xml]
Finished parsing RTL primitives file [C:/Xilinx/14.4/ISE_DS/PlanAhead/data/parts/xilinx/rtl/prims/rtl_prims.xml]
start_gui
source C:/Users/student/Documents/30431/MariaB/Lab6/Add_PICO/pa.fromNetlist.tcl
# create_project -name Add_PICO -dir "C:/Users/student/Documents/30431/MariaB/Lab6/Add_PICO/planAhead_run_1" -part xc6slx16csg324-2
# set_property design_mode GateLvl [get_property srcset [current_run -impl]]
# set_property edif_top_file "C:/Users/student/Documents/30431/MariaB/Lab6/Add_PICO/top_level.ngc" [ get_property srcset [ current_run ] ]
# add_files -norecurse { {C:/Users/student/Documents/30431/MariaB/Lab6/Add_PICO} }
# set_property target_constrs_file "top_level.ucf" [current_fileset -constrset]
Adding file 'C:/Users/student/Documents/30431/MariaB/Lab6/Add_PICO/top_level.ucf' to fileset 'constrs_1'
# add_files [list {top_level.ucf}] -fileset [get_property constrset [current_run]]
# link_design
Design is defaulting to srcset: sources_1
Design is defaulting to constrset: constrs_1
Design is defaulting to project part: xc6slx16csg324-2
Release 14.4 - ngc2edif P.49d (nt)
Copyright (c) 1995-2012 Xilinx, Inc.  All rights reserved.

Release 14.4 - ngc2edif P.49d (nt)
Copyright (c) 1995-2012 Xilinx, Inc.  All rights reserved.
Reading design top_level.ngc ...
WARNING:NetListWriters:298 - No output is written to top_level.xncf, ignored.
Processing design ...
   Preping design's networks ...
   Preping design's macros ...
  finished :Prep
Writing EDIF netlist file top_level.edif ...
ngc2edif: Total memory usage is 57536 kilobytes

Parsing EDIF File [./planAhead_run_1/Add_PICO.data/cache/top_level_ngc_zx.edif]
Finished Parsing EDIF File [./planAhead_run_1/Add_PICO.data/cache/top_level_ngc_zx.edif]
INFO: [Netlist 29-17] Analyzing 57 Unisim elements for replacement
INFO: [Netlist 29-28] Unisim Transformation completed in 0 CPU seconds
Loading clock regions from C:/Xilinx/14.4/ISE_DS/PlanAhead/data\parts/xilinx/spartan6/spartan6lx/xc6slx16/ClockRegion.xml
Loading clock buffers from C:/Xilinx/14.4/ISE_DS/PlanAhead/data\parts/xilinx/spartan6/spartan6lx/xc6slx16/ClockBuffers.xml
Loading package pin functions from C:/Xilinx/14.4/ISE_DS/PlanAhead/data\parts/xilinx/spartan6/PinFunctions.xml...
Loading package from C:/Xilinx/14.4/ISE_DS/PlanAhead/data\parts/xilinx/spartan6/spartan6lx/xc6slx16/csg324/Package.xml
Loading io standards from C:/Xilinx/14.4/ISE_DS/PlanAhead/data\./parts/xilinx/spartan6/IOStandards.xml
Loading device configuration modes from C:/Xilinx/14.4/ISE_DS/PlanAhead/data\parts/xilinx/spartan6/ConfigModes.xml
Loading list of drcs for the architecture : C:/Xilinx/14.4/ISE_DS/PlanAhead/data\./parts/xilinx/spartan6/drc.xml
Parsing UCF File [C:/Users/student/Documents/30431/MariaB/Lab6/Add_PICO/top_level.ucf]
Finished Parsing UCF File [C:/Users/student/Documents/30431/MariaB/Lab6/Add_PICO/top_level.ucf]
INFO: [Project 1-111] Unisim Transformation Summary:
  A total of 57 instances were transformed.
  BUFGP => BUFGP (IBUF, BUFG): 1 instances
  LUT6_2 => LUT6_2 (LUT6, LUT5): 50 instances
  RAM32M => RAM32M (RAMD32, RAMD32, RAMD32, RAMD32, RAMD32, RAMD32, RAMS32, RAMS32): 4 instances
  RAM64M => RAM64M (RAMD64E, RAMD64E, RAMD64E, RAMD64E): 2 instances

Phase 0 | Netlist Checksum: 837e8f42
link_design: Time (s): elapsed = 00:00:23 . Memory (MB): peak = 448.242 ; gain = 85.734
set_property iostandard LVCMOS25 [get_ports [list {switches[7]} {switches[6]} {switches[5]} {switches[4]} {switches[3]} {switches[2]} {switches[1]} {switches[0]}]]
set_property iostandard LVCMOS33 [get_ports [list {LEDs[7]} {LEDs[6]} {LEDs[5]} {LEDs[4]} {LEDs[3]} {LEDs[2]} {LEDs[1]} {LEDs[0]}]]
set_property iostandard LVCMOS33 [get_ports [list clk]]
save_constraints
set_property iostandard LVCMOS33 [get_ports [list {switches[7]} {switches[6]} {switches[5]} {switches[4]} {switches[3]} {switches[2]} {switches[1]} {switches[0]}]]
startgroup
set_property package_pin V10 [get_ports clk]
endgroup
startgroup
set_property package_pin T5 [get_ports {switches[7]}]
endgroup
startgroup
set_property package_pin V8 [get_ports {switches[6]}]
endgroup
startgroup
set_property package_pin U8 [get_ports {switches[5]}]
endgroup
startgroup
set_property package_pin N8 [get_ports {switches[4]}]
endgroup
startgroup
set_property package_pin M8 [get_ports {switches[3]}]
endgroup
startgroup
set_property package_pin V9 [get_ports {switches[2]}]
endgroup
startgroup
set_property package_pin T9 [get_ports {switches[1]}]
endgroup
startgroup
set_property package_pin T10 [get_ports {switches[0]}]
endgroup
startgroup
set_property package_pin T11 [get_ports {LEDs[7]}]
endgroup
startgroup
set_property package_pin R11 [get_ports {LEDs[6]}]
endgroup
startgroup
set_property package_pin N11 [get_ports {LEDs[5]}]
endgroup
startgroup
set_property package_pin M11 [get_ports {LEDs[4]}]
endgroup
startgroup
set_property package_pin V15 [get_ports {LEDs[3]}]
endgroup
startgroup
set_property package_pin U15 [get_ports {LEDs[2]}]
endgroup
startgroup
set_property package_pin V16 [get_ports {LEDs[1]}]
endgroup
save_constraints
startgroup
set_property package_pin U16 [get_ports {LEDs[0]}]
endgroup
save_constraints
exit
ERROR: [PlanAhead 12-106] *** Exception: ui.h.b: Found deleted key in HTclEventBroker. Verify if the classes listed here call cleanup()
HTclEvent: DEBUG_CORE_CONFIG_CHANGE   Classes: ui.views.aR 
HTclEvent: DEBUG_PORT_CONFIG_CHANGE   Classes: ui.views.aR 
HTclEvent: SIGNAL_BUS_MODIFY   Classes: ui.views.aR 
HTclEvent: SIGNAL_MODIFY   Classes: ui.views.aR 
 (See C:/Users/student/Documents/30431/MariaB/Lab6/Add_PICO\planAhead_pid4320.debug)
ERROR: [Common 17-39] 'stop_gui' failed due to earlier errors.
INFO: [Common 17-206] Exiting PlanAhead at Mon Apr 03 10:09:31 2017...
INFO: [Common 17-83] Releasing license: PlanAhead
