C:\STUDENT\30431\LABORATOR1\LAB11\LAB11\DEBUG\LAB11.PCH
C:\STUDENT\30431\LABORATOR1\LAB11\LAB11\DEBUG\STDAFX.OBJ
C:\STUDENT\30431\LABORATOR1\LAB11\LAB11\DEBUG\VC110.PDB
C:\STUDENT\30431\LABORATOR1\LAB11\LAB11\DEBUG\LAB11.OBJ
C:\STUDENT\30431\LABORATOR1\LAB11\LAB11\DEBUG\PRIME.OBJ
C:\STUDENT\30431\LABORATOR1\LAB11\DEBUG\LAB11.ILK
C:\STUDENT\30431\LABORATOR1\LAB11\DEBUG\LAB11.EXE
C:\STUDENT\30431\LABORATOR1\LAB11\DEBUG\LAB11.PDB
C:\student\30431\Laborator1\lab11\lab11\Debug\lab11.obj
C:\student\30431\Laborator1\lab11\lab11\Debug\Prime.obj
C:\student\30431\Laborator1\lab11\lab11\Debug\stdafx.obj
C:\student\30431\Laborator1\lab11\lab11\Debug\cl.command.1.tlog
C:\student\30431\Laborator1\lab11\lab11\Debug\CL.read.1.tlog
C:\student\30431\Laborator1\lab11\lab11\Debug\CL.write.1.tlog
C:\student\30431\Laborator1\lab11\lab11\Debug\link-cvtres.read.1.tlog
C:\student\30431\Laborator1\lab11\lab11\Debug\link-cvtres.write.1.tlog
C:\student\30431\Laborator1\lab11\lab11\Debug\link-rc.read.1.tlog
C:\student\30431\Laborator1\lab11\lab11\Debug\link-rc.write.1.tlog
C:\student\30431\Laborator1\lab11\lab11\Debug\link.1348-cvtres.read.1.tlog
C:\student\30431\Laborator1\lab11\lab11\Debug\link.1348-cvtres.write.1.tlog
C:\student\30431\Laborator1\lab11\lab11\Debug\link.1348-rc.read.1.tlog
C:\student\30431\Laborator1\lab11\lab11\Debug\link.1348-rc.write.1.tlog
C:\student\30431\Laborator1\lab11\lab11\Debug\link.1348.read.1.tlog
C:\student\30431\Laborator1\lab11\lab11\Debug\link.1348.write.1.tlog
C:\student\30431\Laborator1\lab11\lab11\Debug\link.command.1.tlog
C:\student\30431\Laborator1\lab11\lab11\Debug\link.read.1.tlog
C:\student\30431\Laborator1\lab11\lab11\Debug\link.write.1.tlog
C:\student\30431\Laborator1\lab11\lab11\Debug\lab11.pch
C:\student\30431\Laborator1\lab11\lab11\Debug\vc110.idb
C:\student\30431\Laborator1\lab11\lab11\Debug\vc110.pdb
C:\student\30431\Laborator1\lab11\Debug\lab11.pdb
C:\student\30431\Laborator1\lab11\Debug\lab11.exe
C:\student\30431\Laborator1\lab11\Debug\lab11.ilk
