KCPSM6 Assembler log file for program 'C:\Users\student\Documents\30431\MariaB\Lab6\add\add.psm'.
Generated by KCPSM6 version v2.31
Ken Chapman - Xilinx Ltd - 9th August 2012

Assembly datestamp: 03 Apr 2017
Assembly timestamp: 10:25:17

Contents
  Assembly listing
  List of PSM files
  List of CONSTANTs
  List of TABLEs
  List of STRINGs
  List of line labels
  Instruction usage statistics


Last occupied address: 00B hex
Nominal program memory size: 1K (1024)   address(9:0)
Actual memory size: 4096
  (Default memory size)
Occupied memory locations: 12
Memory locations available: 4084


Assembly listing

 Addr Code          Instruction

 000  09000  start: INPUT s0, 00
 001  011F0         LOAD s1, F0[11110000'b]
 002  02100         AND s1, s0
 003  1410E         SR0 s1
 004  1410E         SR0 s1
 005  1410E         SR0 s1
 006  1410E         SR0 s1
 007  0120F         LOAD s2, 0F[00001111'b]
 008  02200         AND s2, s0
 009  10120         ADD s1, s2
 00A  2D180         OUTPUT s1, 80
 00B  22000         JUMP 000[start]



List of PSM files that have been assembled

C:\Users\student\Documents\30431\MariaB\Lab6\add\add.psm



List of defined constants

 CONSTANT name     Value        Source PSM File

 timestamp_hours   10'd         
 timestamp_minutes 25'd         
 timestamp_seconds 17'd         
 datestamp_year    17'd         
 datestamp_month   4'd          
 datestamp_day     03'd         



No TABLEs defined



List of text strings

 STRING name       String         Source PSM File

 KCPSM6_version$   "v2.31"        
 datestamp$        "03 Apr 2017"  
 timestamp$        "10:25:17"     



List of line labels

 Label    Addr  Source PSM File

 start    000   add.psm



Instruction usage statistics

 Instruction    Instances

 LOAD              2
 STAR              -

 AND               2
 OR                -
 XOR               -

 ADD               1
 ADDCY             -
 SUB               -
 SUBCY             -

 TEST              -
 TESTCY            -
 COMPARE           -
 COMPARECY         -

 SL0               -
 SL1               -
 SLX               -
 SLA               -
 RL                -
 SR0               4
 SR1               -
 SRX               -
 SRA               -
 RR                -

 REGBANK           -

 INPUT             1
 OUTPUT            1
 OUTPUTK           -

 STORE             -
 FETCH             -

 DISABLE           -
 ENABLE            -
 RETURNI           -

 JUMP              1
 JUMP@             -
 CALL              -
 CALL@             -
 RETURN            -
 LOAD&RETURN       -

 HWBUILD           -



End of KCPSM6 log file.
