Command line:
   regfile_isim_beh.exe
     -simmode  gui
     -simrunnum  1
     -socket  50044

Mon May 08 10:49:50 2017


 Elaboration Time: 0.0312 sec

 Current Memory Usage: 488.706 Meg

 Total Signals          : 10
 Total Nets             : 1138
 Total Signal Drivers   : 5
 Total Blocks           : 4
 Total Primitive Blocks : 4
 Total Processes        : 3
 Total Traceable Variables  : 16
 Total Scalar Nets and Variables : 1624
Total Line Count : 7

 Total Simulation Time: 5.24163 sec

 Current Memory Usage: 489.755 Meg

Mon May 08 10:50:28 2017

