Command line:
   instruction_fetch_isim_beh.exe
     -simmode  gui
     -simrunnum  1
     -socket  49658

Mon Apr 11 10:15:13 2016


 Elaboration Time: 0.0312 sec

 Current Memory Usage: 487.559 Meg

 Total Signals          : 22
 Total Nets             : 164
 Total Signal Drivers   : 5
 Total Blocks           : 7
 Total Primitive Blocks : 6
 Total Processes        : 5
 Total Traceable Variables  : 17
 Total Scalar Nets and Variables : 1162
Total Line Count : 13

 Total Simulation Time: 0.0312 sec

 Current Memory Usage: 487.559 Meg

Mon Apr 11 10:15:19 2016

