ISim log file
Running: C:\Users\student\Documents\30431\MariaB\Lab4\CarryLA\Test1_isim_beh.exe -intstyle ise -gui -tclbatch isim.cmd -wdb C:/Users/student/Documents/30431/MariaB/Lab4/CarryLA/Test1_isim_beh.wdb 
ISim P.49d (signature 0x8ef4fb42)
WARNING: A WEBPACK license was found.
WARNING: Please use Xilinx License Configuration Manager to check out a full ISim license.
WARNING: ISim will run in Lite mode. Please refer to the ISim documentation for more information on the differences between the Lite and the Full version.
This is a Lite version of ISim.
Time resolution is 1 ps
# onerror resume
# wave add /
# run 1000 ns
Simulator is doing circuit initialization process.
Finished circuit initialization process.
# isim force add /test1/a 1000 -radix bin
# isim force add /test1/a 1000 -radix bin
# isim force add /test1/a 1000 -radix bin
# isim force add /test1/a 1000 -radix bin
# isim force add /test1/b 0001 -radix bin
# isim force add /test1/b 0001 -radix bin
# run all
ISim P.49d (signature 0x8ef4fb42)
WARNING: A WEBPACK license was found.
WARNING: Please use Xilinx License Configuration Manager to check out a full ISim license.
WARNING: ISim will run in Lite mode. Please refer to the ISim documentation for more information on the differences between the Lite and the Full version.
This is a Lite version of ISim.
# run 1000 ns
Simulator is doing circuit initialization process.
Finished circuit initialization process.
