Running: C:\Xilinx\14.4\ISE_DS\ISE\bin\nt\unwrapped\fuse.exe -intstyle ise -incremental -lib secureip -o C:/Users/student/Documents/30431/MariaB/LAB7/MIPS/MIPS_isim_beh.exe -prj C:/Users/student/Documents/30431/MariaB/LAB7/MIPS/MIPS_beh.prj work.MIPS 
ISim P.49d (signature 0x8ef4fb42)
Number of CPUs detected in this system: 1
Turning on mult-threading, number of parallel sub-compilation jobs: 0 
Determining compilation order of HDL files
Parsing VHDL file "C:/Users/student/Documents/30431/MariaB/LAB7/MIPS/counter.vhd" into library work
Parsing VHDL file "C:/Users/student/Documents/30431/MariaB/LAB7/MIPS/Constants.vhd" into library work
Parsing VHDL file "C:/Users/student/Documents/30431/MariaB/LAB7/MIPS/adder.vhd" into library work
Parsing VHDL file "C:/Users/student/Documents/30431/MariaB/LAB7/MIPS/regfile.vhd" into library work
Parsing VHDL file "C:/Users/student/Documents/30431/MariaB/LAB7/MIPS/PC.vhd" into library work
Parsing VHDL file "C:/Users/student/Documents/30431/MariaB/LAB7/MIPS/MUX4.vhd" into library work
Parsing VHDL file "C:/Users/student/Documents/30431/MariaB/LAB7/MIPS/MUX.vhd" into library work
Parsing VHDL file "C:/Users/student/Documents/30431/MariaB/LAB7/MIPS/memdata.vhd" into library work
Parsing VHDL file "C:/Users/student/Documents/30431/MariaB/LAB7/MIPS/IR.vhd" into library work
Parsing VHDL file "C:/Users/student/Documents/30431/MariaB/LAB7/MIPS/ControlUnit.vhd" into library work
Parsing VHDL file "C:/Users/student/Documents/30431/MariaB/LAB7/MIPS/ALUOut.vhd" into library work
Parsing VHDL file "C:/Users/student/Documents/30431/MariaB/LAB7/MIPS/ALU.vhd" into library work
Parsing VHDL file "C:/Users/student/Documents/30431/MariaB/LAB7/MIPS/add32.vhd" into library work
Parsing VHDL file "C:/Users/student/Documents/30431/MariaB/LAB7/MIPS/MIPS.vhd" into library work
Starting static elaboration
Completed static elaboration
Fuse Memory Usage: 103788 KB
Fuse CPU Usage: 295 ms
Compiling package standard
Compiling package std_logic_1164
Compiling package procmem_definitions
Compiling package numeric_std
Compiling architecture behavioral of entity PC [pc_default]
Compiling architecture behavioral of entity MUX [mux_default]
Compiling architecture behavioral of entity memdataReg [memdatareg_default]
Compiling architecture behavioral of entity fadd [fadd_default]
Compiling architecture behavioral of entity add32 [add32_default]
Compiling architecture behavioral of entity IR [ir_default]
Compiling architecture behavioral of entity MUX4 [mux4_default]
Compiling architecture behavioral of entity regfile [regfile_default]
Compiling package std_logic_arith
Compiling package std_logic_unsigned
Compiling architecture behavioral of entity counter [counter_default]
Compiling architecture behavioral of entity ControlUnit [controlunit_default]
Compiling architecture behavioral of entity ALU [alu_default]
Compiling architecture behavioral of entity ALUOut [aluout_default]
Compiling architecture behavioral of entity mips
Time Resolution for simulation is 1ps.
Compiled 31 VHDL Units
Built simulation executable C:/Users/student/Documents/30431/MariaB/LAB7/MIPS/MIPS_isim_beh.exe
Fuse Memory Usage: 123804 KB
Fuse CPU Usage: 530 ms
