--------------------------------------------------------------------------------
Release 14.4 Trace  (nt)
Copyright (c) 1995-2012 Xilinx, Inc.  All rights reserved.

C:\Xilinx\14.4\ISE_DS\ISE\bin\nt\unwrapped\trce.exe -intstyle ise -v 3 -s 2 -n
3 -fastpaths -xml MIPS.twx MIPS.ncd -o MIPS.twr MIPS.pcf -ucf MIPS.ucf

Design file:              MIPS.ncd
Physical constraint file: MIPS.pcf
Device,package,speed:     xc6slx16,csg324,C,-2 (PRODUCTION 1.23 2012-12-04)
Report level:             verbose report

Environment Variable      Effect 
--------------------      ------ 
NONE                      No environment variables were set
--------------------------------------------------------------------------------

INFO:Timing:2698 - No timing constraints found, doing default enumeration.
INFO:Timing:3412 - To improve timing, see the Timing Closure User Guide (UG612).
INFO:Timing:2752 - To get complete path coverage, use the unconstrained paths 
   option. All paths that are not constrained will be reported in the 
   unconstrained paths section(s) of the report.
INFO:Timing:3339 - The clock-to-out numbers in this timing report are based on 
   a 50 Ohm transmission line loading model.  For the details of this model, 
   and for more information on accounting for different loading conditions, 
   please see the device datasheet.



Data Sheet report:
-----------------
All values displayed in nanoseconds (ns)

Clock clk to Pad
-----------------+-----------------+------------+-----------------+------------+------------------+--------+
                 |Max (slowest) clk|  Process   |Min (fastest) clk|  Process   |                  | Clock  |
Destination      |  (edge) to PAD  |   Corner   |  (edge) to PAD  |   Corner   |Internal Clock(s) | Phase  |
-----------------+-----------------+------------+-----------------+------------+------------------+--------+
ALURESULTMIPS<0> |        13.998(R)|      SLOW  |         5.797(R)|      FAST  |clk_BUFGP         |   0.000|
ALURESULTMIPS<1> |        14.464(R)|      SLOW  |         5.857(R)|      FAST  |clk_BUFGP         |   0.000|
ALURESULTMIPS<2> |        14.482(R)|      SLOW  |         5.824(R)|      FAST  |clk_BUFGP         |   0.000|
ALURESULTMIPS<3> |        14.503(R)|      SLOW  |         5.902(R)|      FAST  |clk_BUFGP         |   0.000|
ALURESULTMIPS<4> |        14.488(R)|      SLOW  |         5.923(R)|      FAST  |clk_BUFGP         |   0.000|
ALURESULTMIPS<5> |        14.464(R)|      SLOW  |         5.873(R)|      FAST  |clk_BUFGP         |   0.000|
ALURESULTMIPS<6> |        14.318(R)|      SLOW  |         6.072(R)|      FAST  |clk_BUFGP         |   0.000|
ALURESULTMIPS<7> |        14.210(R)|      SLOW  |         5.951(R)|      FAST  |clk_BUFGP         |   0.000|
ALURESULTMIPS<8> |        14.083(R)|      SLOW  |         5.809(R)|      FAST  |clk_BUFGP         |   0.000|
ALURESULTMIPS<9> |        14.175(R)|      SLOW  |         5.869(R)|      FAST  |clk_BUFGP         |   0.000|
ALURESULTMIPS<10>|        14.119(R)|      SLOW  |         5.676(R)|      FAST  |clk_BUFGP         |   0.000|
ALURESULTMIPS<11>|        14.062(R)|      SLOW  |         5.779(R)|      FAST  |clk_BUFGP         |   0.000|
ALURESULTMIPS<12>|        14.273(R)|      SLOW  |         5.794(R)|      FAST  |clk_BUFGP         |   0.000|
ALURESULTMIPS<13>|        13.811(R)|      SLOW  |         5.585(R)|      FAST  |clk_BUFGP         |   0.000|
ALURESULTMIPS<14>|        14.369(R)|      SLOW  |         5.753(R)|      FAST  |clk_BUFGP         |   0.000|
ALURESULTMIPS<15>|        13.845(R)|      SLOW  |         5.584(R)|      FAST  |clk_BUFGP         |   0.000|
ALURESULTMIPS<16>|        14.250(R)|      SLOW  |         5.666(R)|      FAST  |clk_BUFGP         |   0.000|
ALURESULTMIPS<17>|        14.018(R)|      SLOW  |         5.404(R)|      FAST  |clk_BUFGP         |   0.000|
ALURESULTMIPS<18>|        13.955(R)|      SLOW  |         5.430(R)|      FAST  |clk_BUFGP         |   0.000|
ALURESULTMIPS<19>|        13.769(R)|      SLOW  |         5.378(R)|      FAST  |clk_BUFGP         |   0.000|
ALURESULTMIPS<20>|        14.615(R)|      SLOW  |         5.544(R)|      FAST  |clk_BUFGP         |   0.000|
ALURESULTMIPS<21>|        14.862(R)|      SLOW  |         5.438(R)|      FAST  |clk_BUFGP         |   0.000|
ALURESULTMIPS<22>|        14.873(R)|      SLOW  |         5.669(R)|      FAST  |clk_BUFGP         |   0.000|
ALURESULTMIPS<23>|        14.374(R)|      SLOW  |         5.359(R)|      FAST  |clk_BUFGP         |   0.000|
ALURESULTMIPS<24>|        14.739(R)|      SLOW  |         5.452(R)|      FAST  |clk_BUFGP         |   0.000|
ALURESULTMIPS<25>|        14.733(R)|      SLOW  |         5.438(R)|      FAST  |clk_BUFGP         |   0.000|
ALURESULTMIPS<26>|        14.890(R)|      SLOW  |         5.587(R)|      FAST  |clk_BUFGP         |   0.000|
ALURESULTMIPS<27>|        15.057(R)|      SLOW  |         5.593(R)|      FAST  |clk_BUFGP         |   0.000|
ALURESULTMIPS<28>|        14.696(R)|      SLOW  |         5.610(R)|      FAST  |clk_BUFGP         |   0.000|
ALURESULTMIPS<29>|        15.110(R)|      SLOW  |         5.507(R)|      FAST  |clk_BUFGP         |   0.000|
ALURESULTMIPS<30>|        15.676(R)|      SLOW  |         5.662(R)|      FAST  |clk_BUFGP         |   0.000|
ALURESULTMIPS<31>|        15.575(R)|      SLOW  |         5.787(R)|      FAST  |clk_BUFGP         |   0.000|
done             |        16.637(R)|      SLOW  |         5.725(R)|      FAST  |clk_BUFGP         |   0.000|
-----------------+-----------------+------------+-----------------+------------+------------------+--------+

Clock to Setup on destination clock clk
---------------+---------+---------+---------+---------+
               | Src:Rise| Src:Fall| Src:Rise| Src:Fall|
Source Clock   |Dest:Rise|Dest:Rise|Dest:Fall|Dest:Fall|
---------------+---------+---------+---------+---------+
clk            |    2.379|         |         |         |
---------------+---------+---------+---------+---------+


Analysis completed Mon May 08 09:03:48 2017 
--------------------------------------------------------------------------------

Trace Settings:
-------------------------
Trace Settings 

Peak Memory Usage: 150 MB



