Release 14.4 - ngc2edif P.49d (nt)
Copyright (c) 1995-2012 Xilinx, Inc.  All rights reserved.
Reading design MIPS.ngc ...
WARNING:NetListWriters:298 - No output is written to MIPS.xncf, ignored.
Processing design ...
   Preping design's networks ...
   Preping design's macros ...
  finished :Prep
Writing EDIF netlist file MIPS.edif ...
ngc2edif: Total memory usage is 57792 kilobytes

Release 14.4 - ngc2edif P.49d (nt)
Copyright (c) 1995-2012 Xilinx, Inc.  All rights reserved.
Reading design MIPS.ngc ...
WARNING:NetListWriters:298 - No output is written to MIPS.xncf, ignored.
Processing design ...
   Preping design's networks ...
   Preping design's macros ...
  finished :Prep
Writing EDIF netlist file MIPS.edif ...
ngc2edif: Total memory usage is 57664 kilobytes

Release 14.4 - ngc2edif P.49d (nt)
Copyright (c) 1995-2012 Xilinx, Inc.  All rights reserved.
Reading design MIPS.ngc ...
WARNING:NetListWriters:298 - No output is written to MIPS.xncf, ignored.
Processing design ...
   Preping design's networks ...
   Preping design's macros ...
  finished :Prep
Writing EDIF netlist file MIPS.edif ...
ngc2edif: Total memory usage is 57984 kilobytes

Release 14.4 - ngc2edif P.49d (nt)
Copyright (c) 1995-2012 Xilinx, Inc.  All rights reserved.
Reading design MIPS.ngc ...
WARNING:NetListWriters:298 - No output is written to MIPS.xncf, ignored.
Processing design ...
   Preping design's networks ...
   Preping design's macros ...
  finished :Prep
Writing EDIF netlist file MIPS.edif ...
ngc2edif: Total memory usage is 58432 kilobytes

