KCPSM6 Assembler log file for program 'C:\Users\student\Documents\30431\MariaB\Lab6\MariaB\simple_design\simple.psm'.
Generated by KCPSM6 version v2.31
Ken Chapman - Xilinx Ltd - 9th August 2012

Assembly datestamp: 03 Apr 2017
Assembly timestamp: 09:03:53

Contents
  Assembly listing
  List of PSM files
  List of CONSTANTs
  List of TABLEs
  List of STRINGs
  List of line labels
  Instruction usage statistics


Last occupied address: 002 hex
Nominal program memory size: 1K (1024)   address(9:0)
Actual memory size: 4096
  (Default memory size)
Occupied memory locations: 3
Memory locations available: 4093


Assembly listing

 Addr Code          Instruction

 000  09000  start: INPUT s0, 00
 001  2D080         OUTPUT s0, 80
 002  22000         JUMP 000[start]



List of PSM files that have been assembled

C:\Users\student\Documents\30431\MariaB\Lab6\MariaB\simple_design\simple.psm



List of defined constants

 CONSTANT name     Value        Source PSM File

 timestamp_hours   09'd         
 timestamp_minutes 03'd         
 timestamp_seconds 53'd         
 datestamp_year    17'd         
 datestamp_month   4'd          
 datestamp_day     03'd         



No TABLEs defined



List of text strings

 STRING name       String         Source PSM File

 KCPSM6_version$   "v2.31"        
 datestamp$        "03 Apr 2017"  
 timestamp$        "09:03:53"     



List of line labels

 Label    Addr  Source PSM File

 start    000   simple.psm



Instruction usage statistics

 Instruction    Instances

 LOAD              -
 STAR              -

 AND               -
 OR                -
 XOR               -

 ADD               -
 ADDCY             -
 SUB               -
 SUBCY             -

 TEST              -
 TESTCY            -
 COMPARE           -
 COMPARECY         -

 SL0               -
 SL1               -
 SLX               -
 SLA               -
 RL                -
 SR0               -
 SR1               -
 SRX               -
 SRA               -
 RR                -

 REGBANK           -

 INPUT             1
 OUTPUT            1
 OUTPUTK           -

 STORE             -
 FETCH             -

 DISABLE           -
 ENABLE            -
 RETURNI           -

 JUMP              1
 JUMP@             -
 CALL              -
 CALL@             -
 RETURN            -
 LOAD&RETURN       -

 HWBUILD           -



End of KCPSM6 log file.
