#-----------------------------------------------------------
# PlanAhead v14.4
# Build 222254 by xbuild on Tue Dec 18 05:23:01 MST 2012
# Start of session at: Mon Mar 27 09:06:53 2017
# Process ID: 2496
# Log file: C:/Users/student/Documents/30431/MariaB/Lab5/FIFO/planAhead_run_2/planAhead.log
# Journal file: C:/Users/student/Documents/30431/MariaB/Lab5/FIFO/planAhead_run_2/planAhead.jou
#-----------------------------------------------------------
INFO: [Common 17-78] Attempting to get a license: PlanAhead
INFO: [Common 17-290] Got license for PlanAhead
INFO: [Common 17-86] Your PlanAhead license expires in -1091 day(s)
INFO: [Device 21-36] Loading parts and site information from C:/Xilinx/14.4/ISE_DS/PlanAhead/data/parts/arch.xml
Parsing RTL primitives file [C:/Xilinx/14.4/ISE_DS/PlanAhead/data/parts/xilinx/rtl/prims/rtl_prims.xml]
Finished parsing RTL primitives file [C:/Xilinx/14.4/ISE_DS/PlanAhead/data/parts/xilinx/rtl/prims/rtl_prims.xml]
start_gui
source C:/Users/student/Documents/30431/MariaB/Lab5/FIFO/pa.fromNetlist.tcl
# create_project -name FIFO -dir "C:/Users/student/Documents/30431/MariaB/Lab5/FIFO/planAhead_run_2" -part xc6slx16csg324-2
ERROR: [Common 17-53] User Exception: Project already exists on disk, please use '-force' option to overwrite: 
     C:/Users/student/Documents/30431/MariaB/Lab5/FIFO/planAhead_run_2/FIFO.ppr
     C:/Users/student/Documents/30431/MariaB/Lab5/FIFO/planAhead_run_2/FIFO.data

    while executing
"create_project -name FIFO -dir "C:/Users/student/Documents/30431/MariaB/Lab5/FIFO/planAhead_run_2" -part xc6slx16csg324-2"
    (file "C:/Users/student/Documents/30431/MariaB/Lab5/FIFO/pa.fromNetlist.tcl" line 4)
exit
INFO: [Common 17-206] Exiting PlanAhead at Mon Mar 27 09:07:50 2017...
INFO: [Common 17-83] Releasing license: PlanAhead
