#-----------------------------------------------------------
# PlanAhead v14.4
# Build 222254 by xbuild on Tue Dec 18 05:23:01 MST 2012
# Start of session at: Mon Mar 27 08:28:08 2017
# Process ID: 2388
# Log file: C:/Users/student/Documents/30431/MariaB/Lab5/clock/planAhead_run_1/planAhead.log
# Journal file: C:/Users/student/Documents/30431/MariaB/Lab5/clock/planAhead_run_1/planAhead.jou
#-----------------------------------------------------------
INFO: [Common 17-78] Attempting to get a license: PlanAhead
INFO: [Common 17-290] Got license for PlanAhead
INFO: [Common 17-86] Your PlanAhead license expires in -1091 day(s)
INFO: [Device 21-36] Loading parts and site information from C:/Xilinx/14.4/ISE_DS/PlanAhead/data/parts/arch.xml
Parsing RTL primitives file [C:/Xilinx/14.4/ISE_DS/PlanAhead/data/parts/xilinx/rtl/prims/rtl_prims.xml]
Finished parsing RTL primitives file [C:/Xilinx/14.4/ISE_DS/PlanAhead/data/parts/xilinx/rtl/prims/rtl_prims.xml]
start_gui
source C:/Users/student/Documents/30431/MariaB/Lab5/clock/pa.fromNetlist.tcl
# create_project -name clock -dir "C:/Users/student/Documents/30431/MariaB/Lab5/clock/planAhead_run_1" -part xc6slx16csg324-2
# set_property design_mode GateLvl [get_property srcset [current_run -impl]]
# set_property edif_top_file "C:/Users/student/Documents/30431/MariaB/Lab5/clock/counter.ngc" [ get_property srcset [ current_run ] ]
# add_files -norecurse { {C:/Users/student/Documents/30431/MariaB/Lab5/clock} }
# set_property target_constrs_file "counter.ucf" [current_fileset -constrset]
Adding file 'C:/Users/student/Documents/30431/MariaB/Lab5/clock/counter.ucf' to fileset 'constrs_1'
# add_files [list {counter.ucf}] -fileset [get_property constrset [current_run]]
# link_design
Design is defaulting to srcset: sources_1
Design is defaulting to constrset: constrs_1
Design is defaulting to project part: xc6slx16csg324-2
Release 14.4 - ngc2edif P.49d (nt)
Copyright (c) 1995-2012 Xilinx, Inc.  All rights reserved.

Release 14.4 - ngc2edif P.49d (nt)
Copyright (c) 1995-2012 Xilinx, Inc.  All rights reserved.
Reading design counter.ngc ...
WARNING:NetListWriters:298 - No output is written to counter.xncf, ignored.
Processing design ...
   Preping design's networks ...
   Preping design's macros ...
  finished :Prep
Writing EDIF netlist file counter.edif ...
ngc2edif: Total memory usage is 58816 kilobytes

Parsing EDIF File [./planAhead_run_1/clock.data/cache/counter_ngc_zx.edif]
Finished Parsing EDIF File [./planAhead_run_1/clock.data/cache/counter_ngc_zx.edif]
INFO: [Netlist 29-17] Analyzing 1 Unisim elements for replacement
INFO: [Netlist 29-28] Unisim Transformation completed in 0 CPU seconds
Loading clock regions from C:/Xilinx/14.4/ISE_DS/PlanAhead/data\parts/xilinx/spartan6/spartan6lx/xc6slx16/ClockRegion.xml
Loading clock buffers from C:/Xilinx/14.4/ISE_DS/PlanAhead/data\parts/xilinx/spartan6/spartan6lx/xc6slx16/ClockBuffers.xml
Loading package pin functions from C:/Xilinx/14.4/ISE_DS/PlanAhead/data\parts/xilinx/spartan6/PinFunctions.xml...
Loading package from C:/Xilinx/14.4/ISE_DS/PlanAhead/data\parts/xilinx/spartan6/spartan6lx/xc6slx16/csg324/Package.xml
Loading io standards from C:/Xilinx/14.4/ISE_DS/PlanAhead/data\./parts/xilinx/spartan6/IOStandards.xml
Loading device configuration modes from C:/Xilinx/14.4/ISE_DS/PlanAhead/data\parts/xilinx/spartan6/ConfigModes.xml
Loading list of drcs for the architecture : C:/Xilinx/14.4/ISE_DS/PlanAhead/data\./parts/xilinx/spartan6/drc.xml
Parsing UCF File [C:/Users/student/Documents/30431/MariaB/Lab5/clock/counter.ucf]
Finished Parsing UCF File [C:/Users/student/Documents/30431/MariaB/Lab5/clock/counter.ucf]
INFO: [Project 1-111] Unisim Transformation Summary:
  A total of 1 instances were transformed.
  BUFGP => BUFGP (IBUF, BUFG): 1 instances

Phase 0 | Netlist Checksum: 432a9d4b
link_design: Time (s): elapsed = 00:00:30 . Memory (MB): peak = 444.426 ; gain = 88.180
startgroup
set_property package_pin M13 [get_ports {segments[0]}]
endgroup
set_property iostandard LVCMOS33 [get_ports [list {segments[0]}]]
save_constraints
startgroup
set_property package_pin L14 [get_ports {segments[1]}]
endgroup
set_property package_pin "" [get_ports [list  {segments[2]}]]
set_property iostandard LVCMOS25 [get_ports [list {segments[2]}]]
set_property package_pin "" [get_ports [list  {segments[3]}]]
startgroup
set_property package_pin N14 [get_ports {segments[2]}]
endgroup
startgroup
set_property package_pin M14 [get_ports {segments[3]}]
endgroup
startgroup
set_property package_pin U18 [get_ports {segments[4]}]
endgroup
startgroup
set_property package_pin U17 [get_ports {segments[5]}]
endgroup
startgroup
set_property package_pin T18 [get_ports {segments[6]}]
endgroup
startgroup
set_property package_pin T17 [get_ports {segments[7]}]
endgroup
set_property iostandard LVCMOS33 [get_ports [list {segments[7]}]]
set_property iostandard LVCMOS33 [get_ports [list {segments[6]}]]
set_property iostandard LVCMOS33 [get_ports [list {segments[5]}]]
set_property iostandard LVCMOS33 [get_ports [list {segments[3]}]]
set_property iostandard LVCMOS33 [get_ports [list {segments[4]}]]
set_property iostandard LVCMOS33 [get_ports [list {segments[2]}]]
save_constraints
set_property iostandard LVCMOS33 [get_ports [list {segments[1]}]]
startgroup
set_property package_pin V10 [get_ports clk]
endgroup
save_constraints
set_property iostandard LVCMOS33 [get_ports [list clk]]
startgroup
set_property package_pin C4 [get_ports hour]
endgroup
save_constraints
set_property iostandard LVCMOS33 [get_ports [list hour]]
startgroup
set_property package_pin D9 [get_ports reset]
endgroup
startgroup
set_property package_pin C4 [get_ports hour]
endgroup
save_constraints
set_property iostandard LVCMOS33 [get_ports [list reset]]
set_property package_pin "" [get_ports [list  {anode[3]}]]
startgroup
set_property package_pin N15 [get_ports {anode[0]}]
endgroup
set_property iostandard LVCMOS33 [get_ports [list {anode[0]}]]
startgroup
set_property package_pin A2 [get_ports {anode[2]}]
endgroup
startgroup
set_property package_pin N16 [get_ports {anode[0]}]
endgroup
startgroup
set_property package_pin N15 [get_ports {anode[1]}]
endgroup
startgroup
set_property package_pin P18 [get_ports {anode[2]}]
endgroup
startgroup
set_property package_pin P17 [get_ports {anode[3]}]
endgroup
set_property iostandard LVCMOS33 [get_ports [list {anode[3]}]]
set_property iostandard LVCMOS33 [get_ports [list {anode[1]}]]
set_property iostandard LVCMOS33 [get_ports [list {anode[2]}]]
save_constraints
exit
ERROR: [PlanAhead 12-106] *** Exception: ui.h.b: Found deleted key in HTclEventBroker. Verify if the classes listed here call cleanup()
HTclEvent: DEBUG_CORE_CONFIG_CHANGE   Classes: ui.views.aR 
HTclEvent: SIGNAL_BUS_MODIFY   Classes: ui.views.aR 
HTclEvent: DEBUG_PORT_CONFIG_CHANGE   Classes: ui.views.aR 
HTclEvent: SIGNAL_MODIFY   Classes: ui.views.aR 
 (See C:/Users/student/Documents/30431/MariaB/Lab5/clock\planAhead_pid2388.debug)
ERROR: [Common 17-39] 'stop_gui' failed due to earlier errors.
INFO: [Common 17-206] Exiting PlanAhead at Mon Mar 27 08:33:30 2017...
INFO: [Common 17-83] Releasing license: PlanAhead
