Command line:
   asd_isim_beh.exe
     -simmode  gui
     -simrunnum  0
     -socket  54359

Wed Apr 26 14:08:13 2017


 Elaboration Time: 0.078 sec

 Current Memory Usage: 491.831 Meg

 Total Signals          : 153
 Total Nets             : 2549
 Total Signal Drivers   : 51
 Total Blocks           : 19
 Total Primitive Blocks : 13
 Total Processes        : 34
 Total Traceable Variables  : 20
 Total Scalar Nets and Variables : 3566
Total Line Count : 1082

 Total Simulation Time: 0.1092 sec

 Current Memory Usage: 491.831 Meg

Wed Apr 26 14:10:12 2017

